C:\Users\91948\Documents\Q3\Sustainable\requests\setup.py:6: error: Library stubs not installed for "setuptools"  [import-untyped]
C:\Users\91948\Documents\Q3\Sustainable\requests\setup.py:6: note: Hint: "python3 -m pip install types-setuptools"
C:\Users\91948\Documents\Q3\Sustainable\requests\setup.py:51: error: Need type annotation for "about" (hint: "about: dict[<type>, <type>] = ...")  [var-annotated]
C:\Users\91948\Documents\Q3\Sustainable\requests\tests\compat.py:4: error: Cannot find implementation or library stub for module named "StringIO"  [import-not-found]
C:\Users\91948\Documents\Q3\Sustainable\requests\tests\compat.py:9: error: Cannot find implementation or library stub for module named "cStringIO"  [import-not-found]
C:\Users\91948\Documents\Q3\Sustainable\requests\tests\__init__.py:6: error: Cannot find implementation or library stub for module named "urllib3.exceptions"  [import-not-found]
C:\Users\91948\Documents\Q3\Sustainable\requests\src\requests\certs.py:14: error: Cannot find implementation or library stub for module named "certifi"  [import-not-found]
C:\Users\91948\Documents\Q3\Sustainable\requests\docs\_themes\flask_theme_support.py:2: error: Library stubs not installed for "pygments.style"  [import-untyped]
C:\Users\91948\Documents\Q3\Sustainable\requests\docs\_themes\flask_theme_support.py:2: note: Hint: "python3 -m pip install types-Pygments"
C:\Users\91948\Documents\Q3\Sustainable\requests\docs\_themes\flask_theme_support.py:2: note: (or run "mypy --install-types" to install all missing stub packages)
C:\Users\91948\Documents\Q3\Sustainable\requests\docs\_themes\flask_theme_support.py:2: note: See https://mypy.readthedocs.io/en/stable/running_mypy.html#missing-imports
C:\Users\91948\Documents\Q3\Sustainable\requests\docs\_themes\flask_theme_support.py:3: error: Library stubs not installed for "pygments.token"  [import-untyped]
C:\Users\91948\Documents\Q3\Sustainable\requests\src\requests\compat.py:16: error: Cannot find implementation or library stub for module named "urllib3"  [import-not-found]
C:\Users\91948\Documents\Q3\Sustainable\requests\src\requests\compat.py:60: error: Library stubs not installed for "simplejson"  [import-untyped]
C:\Users\91948\Documents\Q3\Sustainable\requests\src\requests\compat.py:60: note: Hint: "python3 -m pip install types-simplejson"
C:\Users\91948\Documents\Q3\Sustainable\requests\src\requests\compat.py:93: error: Module "urllib.request" has no attribute "proxy_bypass_environment"  [attr-defined]
C:\Users\91948\Documents\Q3\Sustainable\requests\tests\conftest.py:4: error: Cannot find implementation or library stub for module named "BaseHTTPServer"  [import-not-found]
C:\Users\91948\Documents\Q3\Sustainable\requests\tests\conftest.py:4: error: Name "HTTPServer" already defined (possibly by an import)  [no-redef]
C:\Users\91948\Documents\Q3\Sustainable\requests\tests\conftest.py:5: error: Cannot find implementation or library stub for module named "SimpleHTTPServer"  [import-not-found]
C:\Users\91948\Documents\Q3\Sustainable\requests\tests\conftest.py:5: error: Name "SimpleHTTPRequestHandler" already defined (possibly by an import)  [no-redef]
C:\Users\91948\Documents\Q3\Sustainable\requests\tests\conftest.py:10: error: Cannot find implementation or library stub for module named "pytest"  [import-not-found]
C:\Users\91948\Documents\Q3\Sustainable\requests\tests\conftest.py:39: error: Cannot find implementation or library stub for module named "trustme"  [import-not-found]
C:\Users\91948\Documents\Q3\Sustainable\requests\src\requests\exceptions.py:7: error: Cannot find implementation or library stub for module named "urllib3.exceptions"  [import-not-found]
C:\Users\91948\Documents\Q3\Sustainable\requests\tests\test_structures.py:1: error: Cannot find implementation or library stub for module named "pytest"  [import-not-found]
C:\Users\91948\Documents\Q3\Sustainable\requests\src\requests\cookies.py:20: error: Cannot find implementation or library stub for module named "dummy_threading"  [import-not-found]
C:\Users\91948\Documents\Q3\Sustainable\requests\src\requests\cookies.py:20: error: Name "threading" already defined (by an import)  [no-redef]
C:\Users\91948\Documents\Q3\Sustainable\requests\src\requests\utils.py:22: error: Cannot find implementation or library stub for module named "urllib3.util"  [import-not-found]
C:\Users\91948\Documents\Q3\Sustainable\requests\src\requests\utils.py:115: error: All conditional function variants must have identical signatures  [misc]
C:\Users\91948\Documents\Q3\Sustainable\requests\src\requests\utils.py:115: note: Original:
C:\Users\91948\Documents\Q3\Sustainable\requests\src\requests\utils.py:115: note:     def proxy_bypass(host: str) -> Any
C:\Users\91948\Documents\Q3\Sustainable\requests\src\requests\utils.py:115: note: Redefinition:
C:\Users\91948\Documents\Q3\Sustainable\requests\src\requests\utils.py:115: note:     def proxy_bypass(host: Any) -> Any
C:\Users\91948\Documents\Q3\Sustainable\requests\src\requests\models.py:16: error: Cannot find implementation or library stub for module named "urllib3.exceptions"  [import-not-found]
C:\Users\91948\Documents\Q3\Sustainable\requests\src\requests\models.py:23: error: Cannot find implementation or library stub for module named "urllib3.fields"  [import-not-found]
C:\Users\91948\Documents\Q3\Sustainable\requests\src\requests\models.py:24: error: Cannot find implementation or library stub for module named "urllib3.filepost"  [import-not-found]
C:\Users\91948\Documents\Q3\Sustainable\requests\src\requests\models.py:25: error: Cannot find implementation or library stub for module named "urllib3.util"  [import-not-found]
C:\Users\91948\Documents\Q3\Sustainable\requests\src\requests\models.py:72: error: "LookupDict" has no attribute "moved"  [attr-defined]
C:\Users\91948\Documents\Q3\Sustainable\requests\src\requests\models.py:73: error: "LookupDict" has no attribute "found"  [attr-defined]
C:\Users\91948\Documents\Q3\Sustainable\requests\src\requests\models.py:74: error: "LookupDict" has no attribute "other"  [attr-defined]
C:\Users\91948\Documents\Q3\Sustainable\requests\src\requests\models.py:75: error: "LookupDict" has no attribute "temporary_redirect"  [attr-defined]
C:\Users\91948\Documents\Q3\Sustainable\requests\src\requests\models.py:76: error: "LookupDict" has no attribute "permanent_redirect"  [attr-defined]
C:\Users\91948\Documents\Q3\Sustainable\requests\src\requests\models.py:401: error: Cannot find implementation or library stub for module named "idna"  [import-not-found]
C:\Users\91948\Documents\Q3\Sustainable\requests\src\requests\adapters.py:14: error: Cannot find implementation or library stub for module named "urllib3.exceptions"  [import-not-found]
C:\Users\91948\Documents\Q3\Sustainable\requests\src\requests\adapters.py:26: error: Cannot find implementation or library stub for module named "urllib3.poolmanager"  [import-not-found]
C:\Users\91948\Documents\Q3\Sustainable\requests\src\requests\adapters.py:27: error: Cannot find implementation or library stub for module named "urllib3.util"  [import-not-found]
C:\Users\91948\Documents\Q3\Sustainable\requests\src\requests\adapters.py:29: error: Cannot find implementation or library stub for module named "urllib3.util.retry"  [import-not-found]
C:\Users\91948\Documents\Q3\Sustainable\requests\src\requests\adapters.py:30: error: Cannot find implementation or library stub for module named "urllib3.util.ssl_"  [import-not-found]
C:\Users\91948\Documents\Q3\Sustainable\requests\src\requests\adapters.py:60: error: Cannot find implementation or library stub for module named "urllib3.contrib.socks"  [import-not-found]
C:\Users\91948\Documents\Q3\Sustainable\requests\src\requests\adapters.py:95: error: Invalid type comment or annotation  [valid-type]
C:\Users\91948\Documents\Q3\Sustainable\requests\src\requests\__init__.py:43: error: Cannot find implementation or library stub for module named "urllib3"  [import-not-found]
C:\Users\91948\Documents\Q3\Sustainable\requests\src\requests\__init__.py:48: error: Cannot find implementation or library stub for module named "charset_normalizer"  [import-not-found]
C:\Users\91948\Documents\Q3\Sustainable\requests\src\requests\__init__.py:53: error: Cannot find implementation or library stub for module named "chardet"  [import-not-found]
C:\Users\91948\Documents\Q3\Sustainable\requests\src\requests\__init__.py:128: error: Incompatible types in assignment (expression has type "None", variable has type Module)  [assignment]
C:\Users\91948\Documents\Q3\Sustainable\requests\src\requests\__init__.py:131: error: Cannot find implementation or library stub for module named "urllib3.contrib"  [import-not-found]
C:\Users\91948\Documents\Q3\Sustainable\requests\src\requests\__init__.py:136: error: Cannot find implementation or library stub for module named "cryptography"  [import-not-found]
C:\Users\91948\Documents\Q3\Sustainable\requests\src\requests\__init__.py:143: error: Cannot find implementation or library stub for module named "urllib3.exceptions"  [import-not-found]
C:\Users\91948\Documents\Q3\Sustainable\requests\tests\test_testserver.py:5: error: Cannot find implementation or library stub for module named "pytest"  [import-not-found]
C:\Users\91948\Documents\Q3\Sustainable\requests\tests\test_lowlevel.py:3: error: Cannot find implementation or library stub for module named "pytest"  [import-not-found]
C:\Users\91948\Documents\Q3\Sustainable\requests\tests\test_hooks.py:1: error: Cannot find implementation or library stub for module named "pytest"  [import-not-found]
C:\Users\91948\Documents\Q3\Sustainable\requests\src\requests\help.py:8: error: Cannot find implementation or library stub for module named "idna"  [import-not-found]
C:\Users\91948\Documents\Q3\Sustainable\requests\src\requests\help.py:9: error: Cannot find implementation or library stub for module named "urllib3"  [import-not-found]
C:\Users\91948\Documents\Q3\Sustainable\requests\src\requests\help.py:14: error: Cannot find implementation or library stub for module named "charset_normalizer"  [import-not-found]
C:\Users\91948\Documents\Q3\Sustainable\requests\src\requests\help.py:19: error: Cannot find implementation or library stub for module named "chardet"  [import-not-found]
C:\Users\91948\Documents\Q3\Sustainable\requests\src\requests\help.py:24: error: Cannot find implementation or library stub for module named "urllib3.contrib"  [import-not-found]
C:\Users\91948\Documents\Q3\Sustainable\requests\src\requests\help.py:30: error: Cannot find implementation or library stub for module named "cryptography"  [import-not-found]
C:\Users\91948\Documents\Q3\Sustainable\requests\src\requests\help.py:30: error: Name "cryptography" already defined on line 28  [no-redef]
C:\Users\91948\Documents\Q3\Sustainable\requests\src\requests\help.py:31: error: Library stubs not installed for "OpenSSL"  [import-untyped]
C:\Users\91948\Documents\Q3\Sustainable\requests\src\requests\help.py:31: note: Hint: "python3 -m pip install types-pyOpenSSL"
C:\Users\91948\Documents\Q3\Sustainable\requests\src\requests\help.py:31: error: Name "OpenSSL" already defined on line 27  [no-redef]
C:\Users\91948\Documents\Q3\Sustainable\requests\docs\conf.py:235: error: Need type annotation for "latex_elements" (hint: "latex_elements: dict[<type>, <type>] = ...")  [var-annotated]
C:\Users\91948\Documents\Q3\Sustainable\requests\tests\test_utils.py:10: error: Cannot find implementation or library stub for module named "pytest"  [import-not-found]
C:\Users\91948\Documents\Q3\Sustainable\requests\tests\test_requests.py:14: error: Cannot find implementation or library stub for module named "pytest"  [import-not-found]
C:\Users\91948\Documents\Q3\Sustainable\requests\tests\test_requests.py:15: error: Cannot find implementation or library stub for module named "urllib3"  [import-not-found]
C:\Users\91948\Documents\Q3\Sustainable\requests\tests\test_requests.py:16: error: Cannot find implementation or library stub for module named "urllib3.util"  [import-not-found]
C:\Users\91948\Documents\Q3\Sustainable\requests\tests\test_requests.py:94: error: Cannot find implementation or library stub for module named "requests.packages.urllib3.poolmanager"  [import-not-found]
Found 65 errors in 1 file (checked 36 source files)
Energy consumption in joules: 104.43115234375 for 5.5881605 sec of execution.
